# JRE version: OpenJDK Runtime Environment (8.0_202) (build 1.8.0_202-release-1483-b49-5587405)
# Java VM: OpenJDK 64-Bit Server VM (25.202-b49-5587405 mixed mode linux-amd64 compressed oops)
Heap:
 PSYoungGen      total 155648K, used 40443K [0x00000000e0000000, 0x00000000ec900000, 0x0000000100000000)
  eden space 115200K, 0% used [0x00000000e0000000,0x00000000e0000000,0x00000000e7080000)
  from space 40448K, 99% used [0x00000000e7080000,0x00000000e97fefe8,0x00000000e9800000)
  to   space 31232K, 0% used [0x00000000e9800000,0x00000000e9800000,0x00000000eb680000)
 ParOldGen       total 150016K, used 142943K [0x00000000a0000000, 0x00000000a9280000, 0x00000000e0000000)
  object space 150016K, 95% used [0x00000000a0000000,0x00000000a8b97da0,0x00000000a9280000)
 Metaspace       used 74483K, capacity 77136K, committed 77208K, reserved 1116160K
  class space    used 10016K, capacity 10619K, committed 10664K, reserved 1048576K
GC Heap History (10 events):
Event: 54,667 GC heap after
Heap after GC invocations=26 (full 3):
 PSYoungGen      total 129536K, used 13280K [0x00000000e0000000, 0x00000000ea100000, 0x0000000100000000)
  eden space 116224K, 0% used [0x00000000e0000000,0x00000000e0000000,0x00000000e7180000)
  from space 13312K, 99% used [0x00000000e7180000,0x00000000e7e78168,0x00000000e7e80000)
  to   space 17920K, 0% used [0x00000000e8f80000,0x00000000e8f80000,0x00000000ea100000)
 ParOldGen       total 75776K, used 36901K [0x00000000a0000000, 0x00000000a4a00000, 0x00000000e0000000)
  object space 75776K, 48% used [0x00000000a0000000,0x00000000a24094b0,0x00000000a4a00000)
 Metaspace       used 60728K, capacity 62674K, committed 63000K, reserved 1103872K
  class space    used 8201K, capacity 8690K, committed 8744K, reserved 1048576K
}
Event: 59,533 GC heap before
{Heap before GC invocations=27 (full 3):
 PSYoungGen      total 129536K, used 129504K [0x00000000e0000000, 0x00000000ea100000, 0x0000000100000000)
  eden space 116224K, 100% used [0x00000000e0000000,0x00000000e7180000,0x00000000e7180000)
  from space 13312K, 99% used [0x00000000e7180000,0x00000000e7e78168,0x00000000e7e80000)
  to   space 17920K, 0% used [0x00000000e8f80000,0x00000000e8f80000,0x00000000ea100000)
 ParOldGen       total 75776K, used 36901K [0x00000000a0000000, 0x00000000a4a00000, 0x00000000e0000000)
  object space 75776K, 48% used [0x00000000a0000000,0x00000000a24094b0,0x00000000a4a00000)
 Metaspace       used 65170K, capacity 67094K, committed 67352K, reserved 1107968K
  class space    used 8707K, capacity 9206K, committed 9256K, reserved 1048576K
Event: 59,650 GC heap after
Heap after GC invocations=27 (full 3):
 PSYoungGen      total 132096K, used 17898K [0x00000000e0000000, 0x00000000ec300000, 0x0000000100000000)
  eden space 114176K, 0% used [0x00000000e0000000,0x00000000e0000000,0x00000000e6f80000)
  from space 17920K, 99% used [0x00000000e8f80000,0x00000000ea0fa860,0x00000000ea100000)
  to   space 32768K, 0% used [0x00000000e6f80000,0x00000000e6f80000,0x00000000e8f80000)
 ParOldGen       total 75776K, used 69627K [0x00000000a0000000, 0x00000000a4a00000, 0x00000000e0000000)
  object space 75776K, 91% used [0x00000000a0000000,0x00000000a43fedc8,0x00000000a4a00000)
 Metaspace       used 65170K, capacity 67094K, committed 67352K, reserved 1107968K
  class space    used 8707K, capacity 9206K, committed 9256K, reserved 1048576K
}
Event: 59,650 GC heap before
{Heap before GC invocations=28 (full 4):
 PSYoungGen      total 132096K, used 17898K [0x00000000e0000000, 0x00000000ec300000, 0x0000000100000000)
  eden space 114176K, 0% used [0x00000000e0000000,0x00000000e0000000,0x00000000e6f80000)
  from space 17920K, 99% used [0x00000000e8f80000,0x00000000ea0fa860,0x00000000ea100000)
  to   space 32768K, 0% used [0x00000000e6f80000,0x00000000e6f80000,0x00000000e8f80000)
 ParOldGen       total 75776K, used 69627K [0x00000000a0000000, 0x00000000a4a00000, 0x00000000e0000000)
  object space 75776K, 91% used [0x00000000a0000000,0x00000000a43fedc8,0x00000000a4a00000)
 Metaspace       used 65170K, capacity 67094K, committed 67352K, reserved 1107968K
  class space    used 8707K, capacity 9206K, committed 9256K, reserved 1048576K
Event: 60,814 GC heap after
Heap after GC invocations=28 (full 4):
 PSYoungGen      total 132096K, used 11009K [0x00000000e0000000, 0x00000000ec300000, 0x0000000100000000)
  eden space 114176K, 0% used [0x00000000e0000000,0x00000000e0000000,0x00000000e6f80000)
  from space 17920K, 61% used [0x00000000e8f80000,0x00000000e9a407d8,0x00000000ea100000)
  to   space 32768K, 0% used [0x00000000e6f80000,0x00000000e6f80000,0x00000000e8f80000)
 ParOldGen       total 150016K, used 75294K [0x00000000a0000000, 0x00000000a9280000, 0x00000000e0000000)
  object space 150016K, 50% used [0x00000000a0000000,0x00000000a49878b0,0x00000000a9280000)
 Metaspace       used 65132K, capacity 66990K, committed 67352K, reserved 1107968K
  class space    used 8695K, capacity 9186K, committed 9256K, reserved 1048576K
}
Event: 68,524 GC heap before
{Heap before GC invocations=29 (full 4):
 PSYoungGen      total 132096K, used 125185K [0x00000000e0000000, 0x00000000ec300000, 0x0000000100000000)
  eden space 114176K, 100% used [0x00000000e0000000,0x00000000e6f80000,0x00000000e6f80000)
  from space 17920K, 61% used [0x00000000e8f80000,0x00000000e9a407d8,0x00000000ea100000)
  to   space 32768K, 0% used [0x00000000e6f80000,0x00000000e6f80000,0x00000000e8f80000)
 ParOldGen       total 150016K, used 75294K [0x00000000a0000000, 0x00000000a9280000, 0x00000000e0000000)
  object space 150016K, 50% used [0x00000000a0000000,0x00000000a49878b0,0x00000000a9280000)
 Metaspace       used 66719K, capacity 68540K, committed 68760K, reserved 1107968K
  class space    used 8804K, capacity 9291K, committed 9384K, reserved 1048576K
Event: 68,596 GC heap after
Heap after GC invocations=29 (full 4):
 PSYoungGen      total 146944K, used 12467K [0x00000000e0000000, 0x00000000eb680000, 0x0000000100000000)
  eden space 114176K, 0% used [0x00000000e0000000,0x00000000e0000000,0x00000000e6f80000)
  from space 32768K, 38% used [0x00000000e6f80000,0x00000000e7bacd80,0x00000000e8f80000)
  to   space 31232K, 0% used [0x00000000e9800000,0x00000000e9800000,0x00000000eb680000)
 ParOldGen       total 150016K, used 81679K [0x00000000a0000000, 0x00000000a9280000, 0x00000000e0000000)
  object space 150016K, 54% used [0x00000000a0000000,0x00000000a4fc3f10,0x00000000a9280000)
 Metaspace       used 66719K, capacity 68540K, committed 68760K, reserved 1107968K
  class space    used 8804K, capacity 9291K, committed 9384K, reserved 1048576K
}
Event: 75,132 GC heap before
{Heap before GC invocations=30 (full 4):
 PSYoungGen      total 146944K, used 126643K [0x00000000e0000000, 0x00000000eb680000, 0x0000000100000000)
  eden space 114176K, 100% used [0x00000000e0000000,0x00000000e6f80000,0x00000000e6f80000)
  from space 32768K, 38% used [0x00000000e6f80000,0x00000000e7bacd80,0x00000000e8f80000)
  to   space 31232K, 0% used [0x00000000e9800000,0x00000000e9800000,0x00000000eb680000)
 ParOldGen       total 150016K, used 81679K [0x00000000a0000000, 0x00000000a9280000, 0x00000000e0000000)
  object space 150016K, 54% used [0x00000000a0000000,0x00000000a4fc3f10,0x00000000a9280000)
 Metaspace       used 73817K, capacity 76352K, committed 76568K, reserved 1116160K
  class space    used 9913K, capacity 10505K, committed 10536K, reserved 1048576K
Event: 75,228 GC heap after
Heap after GC invocations=30 (full 4):
 PSYoungGen      total 146432K, used 31226K [0x00000000e0000000, 0x00000000ec900000, 0x0000000100000000)
  eden space 115200K, 0% used [0x00000000e0000000,0x00000000e0000000,0x00000000e7080000)
  from space 31232K, 99% used [0x00000000e9800000,0x00000000eb67e8a8,0x00000000eb680000)
  to   space 40448K, 0% used [0x00000000e7080000,0x00000000e7080000,0x00000000e9800000)
 ParOldGen       total 150016K, used 92987K [0x00000000a0000000, 0x00000000a9280000, 0x00000000e0000000)
  object space 150016K, 61% used [0x00000000a0000000,0x00000000a5acee88,0x00000000a9280000)
 Metaspace       used 73817K, capacity 76352K, committed 76568K, reserved 1116160K
  class space    used 9913K, capacity 10505K, committed 10536K, reserved 1048576K
}
Event: 77,373 GC heap before
{Heap before GC invocations=31 (full 4):
 PSYoungGen      total 146432K, used 146426K [0x00000000e0000000, 0x00000000ec900000, 0x0000000100000000)
  eden space 115200K, 100% used [0x00000000e0000000,0x00000000e7080000,0x00000000e7080000)
  from space 31232K, 99% used [0x00000000e9800000,0x00000000eb67e8a8,0x00000000eb680000)
  to   space 40448K, 0% used [0x00000000e7080000,0x00000000e7080000,0x00000000e9800000)
 ParOldGen       total 150016K, used 92987K [0x00000000a0000000, 0x00000000a9280000, 0x00000000e0000000)
  object space 150016K, 61% used [0x00000000a0000000,0x00000000a5acee88,0x00000000a9280000)
 Metaspace       used 74483K, capacity 77136K, committed 77208K, reserved 1116160K
  class space    used 10016K, capacity 10619K, committed 10664K, reserved 1048576K

