# JRE version: OpenJDK Runtime Environment (8.0_202) (build 1.8.0_202-release-1483-b49-5587405)
# Java VM: OpenJDK 64-Bit Server VM (25.202-b49-5587405 mixed mode linux-amd64 compressed oops)
Heap:
 PSYoungGen      total 305664K, used 62461K [0x00000000e0000000, 0x00000000f6c80000, 0x0000000100000000)
  eden space 243200K, 0% used [0x00000000e0000000,0x00000000e0000000,0x00000000eed80000)
  from space 62464K, 99% used [0x00000000eed80000,0x00000000f2a7f530,0x00000000f2a80000)
  to   space 55296K, 0% used [0x00000000f2a80000,0x00000000f2a80000,0x00000000f6080000)
 ParOldGen       total 288768K, used 220267K [0x00000000a0000000, 0x00000000b1a00000, 0x00000000e0000000)
  object space 288768K, 76% used [0x00000000a0000000,0x00000000ad71ad40,0x00000000b1a00000)
 Metaspace       used 88057K, capacity 91424K, committed 91736K, reserved 1128448K
  class space    used 11392K, capacity 12077K, committed 12160K, reserved 1048576K
GC Heap History (10 events):
Event: 846,257 GC heap after
Heap after GC invocations=25 (full 5):
 PSYoungGen      total 275968K, used 0K [0x00000000e0000000, 0x00000000f4a80000, 0x0000000100000000)
  eden space 212992K, 0% used [0x00000000e0000000,0x00000000e0000000,0x00000000ed000000)
  from space 62976K, 0% used [0x00000000f0b00000,0x00000000f0b00000,0x00000000f4880000)
  to   space 60416K, 0% used [0x00000000ed000000,0x00000000ed000000,0x00000000f0b00000)
 ParOldGen       total 288768K, used 165470K [0x00000000a0000000, 0x00000000b1a00000, 0x00000000e0000000)
  object space 288768K, 57% used [0x00000000a0000000,0x00000000aa1978a8,0x00000000b1a00000)
 Metaspace       used 83151K, capacity 85982K, committed 86232K, reserved 1124352K
  class space    used 10763K, capacity 11396K, committed 11520K, reserved 1048576K
}
Event: 1113,115 GC heap before
{Heap before GC invocations=26 (full 5):
 PSYoungGen      total 275968K, used 212992K [0x00000000e0000000, 0x00000000f4a80000, 0x0000000100000000)
  eden space 212992K, 100% used [0x00000000e0000000,0x00000000ed000000,0x00000000ed000000)
  from space 62976K, 0% used [0x00000000f0b00000,0x00000000f0b00000,0x00000000f4880000)
  to   space 60416K, 0% used [0x00000000ed000000,0x00000000ed000000,0x00000000f0b00000)
 ParOldGen       total 288768K, used 165470K [0x00000000a0000000, 0x00000000b1a00000, 0x00000000e0000000)
  object space 288768K, 57% used [0x00000000a0000000,0x00000000aa1978a8,0x00000000b1a00000)
 Metaspace       used 87098K, capacity 90410K, committed 90712K, reserved 1128448K
  class space    used 11373K, capacity 12048K, committed 12160K, reserved 1048576K
Event: 1113,174 GC heap after
Heap after GC invocations=26 (full 5):
 PSYoungGen      total 273408K, used 10826K [0x00000000e0000000, 0x00000000f5a80000, 0x0000000100000000)
  eden space 212992K, 0% used [0x00000000e0000000,0x00000000e0000000,0x00000000ed000000)
  from space 60416K, 17% used [0x00000000ed000000,0x00000000eda929a0,0x00000000f0b00000)
  to   space 58880K, 0% used [0x00000000f2100000,0x00000000f2100000,0x00000000f5a80000)
 ParOldGen       total 288768K, used 165478K [0x00000000a0000000, 0x00000000b1a00000, 0x00000000e0000000)
  object space 288768K, 57% used [0x00000000a0000000,0x00000000aa1998a8,0x00000000b1a00000)
 Metaspace       used 87098K, capacity 90410K, committed 90712K, reserved 1128448K
  class space    used 11373K, capacity 12048K, committed 12160K, reserved 1048576K
}
Event: 1140,939 GC heap before
{Heap before GC invocations=27 (full 5):
 PSYoungGen      total 273408K, used 223818K [0x00000000e0000000, 0x00000000f5a80000, 0x0000000100000000)
  eden space 212992K, 100% used [0x00000000e0000000,0x00000000ed000000,0x00000000ed000000)
  from space 60416K, 17% used [0x00000000ed000000,0x00000000eda929a0,0x00000000f0b00000)
  to   space 58880K, 0% used [0x00000000f2100000,0x00000000f2100000,0x00000000f5a80000)
 ParOldGen       total 288768K, used 165478K [0x00000000a0000000, 0x00000000b1a00000, 0x00000000e0000000)
  object space 288768K, 57% used [0x00000000a0000000,0x00000000aa1998a8,0x00000000b1a00000)
 Metaspace       used 87278K, capacity 90538K, committed 90712K, reserved 1128448K
  class space    used 11373K, capacity 12048K, committed 12160K, reserved 1048576K
Event: 1140,979 GC heap after
Heap after GC invocations=27 (full 5):
 PSYoungGen      total 283648K, used 12632K [0x00000000e0000000, 0x00000000f5280000, 0x0000000100000000)
  eden space 232960K, 0% used [0x00000000e0000000,0x00000000e0000000,0x00000000ee380000)
  from space 50688K, 24% used [0x00000000f2100000,0x00000000f2d56168,0x00000000f5280000)
  to   space 56832K, 0% used [0x00000000ee380000,0x00000000ee380000,0x00000000f1b00000)
 ParOldGen       total 288768K, used 165486K [0x00000000a0000000, 0x00000000b1a00000, 0x00000000e0000000)
  object space 288768K, 57% used [0x00000000a0000000,0x00000000aa19b8a8,0x00000000b1a00000)
 Metaspace       used 87278K, capacity 90538K, committed 90712K, reserved 1128448K
  class space    used 11373K, capacity 12048K, committed 12160K, reserved 1048576K
}
Event: 1627,919 GC heap before
{Heap before GC invocations=28 (full 5):
 PSYoungGen      total 283648K, used 245592K [0x00000000e0000000, 0x00000000f5280000, 0x0000000100000000)
  eden space 232960K, 100% used [0x00000000e0000000,0x00000000ee380000,0x00000000ee380000)
  from space 50688K, 24% used [0x00000000f2100000,0x00000000f2d56168,0x00000000f5280000)
  to   space 56832K, 0% used [0x00000000ee380000,0x00000000ee380000,0x00000000f1b00000)
 ParOldGen       total 288768K, used 165486K [0x00000000a0000000, 0x00000000b1a00000, 0x00000000e0000000)
  object space 288768K, 57% used [0x00000000a0000000,0x00000000aa19b8a8,0x00000000b1a00000)
 Metaspace       used 87688K, capacity 91058K, committed 91224K, reserved 1128448K
  class space    used 11386K, capacity 12070K, committed 12160K, reserved 1048576K
Event: 1628,107 GC heap after
Heap after GC invocations=28 (full 5):
 PSYoungGen      total 289792K, used 10824K [0x00000000e0000000, 0x00000000f6080000, 0x0000000100000000)
  eden space 232960K, 0% used [0x00000000e0000000,0x00000000e0000000,0x00000000ee380000)
  from space 56832K, 19% used [0x00000000ee380000,0x00000000eee12238,0x00000000f1b00000)
  to   space 55296K, 0% used [0x00000000f2a80000,0x00000000f2a80000,0x00000000f6080000)
 ParOldGen       total 288768K, used 165494K [0x00000000a0000000, 0x00000000b1a00000, 0x00000000e0000000)
  object space 288768K, 57% used [0x00000000a0000000,0x00000000aa19d8a8,0x00000000b1a00000)
 Metaspace       used 87688K, capacity 91058K, committed 91224K, reserved 1128448K
  class space    used 11386K, capacity 12070K, committed 12160K, reserved 1048576K
}
Event: 1669,108 GC heap before
{Heap before GC invocations=29 (full 5):
 PSYoungGen      total 289792K, used 243784K [0x00000000e0000000, 0x00000000f6080000, 0x0000000100000000)
  eden space 232960K, 100% used [0x00000000e0000000,0x00000000ee380000,0x00000000ee380000)
  from space 56832K, 19% used [0x00000000ee380000,0x00000000eee12238,0x00000000f1b00000)
  to   space 55296K, 0% used [0x00000000f2a80000,0x00000000f2a80000,0x00000000f6080000)
 ParOldGen       total 288768K, used 165494K [0x00000000a0000000, 0x00000000b1a00000, 0x00000000e0000000)
  object space 288768K, 57% used [0x00000000a0000000,0x00000000aa19d8a8,0x00000000b1a00000)
 Metaspace       used 88033K, capacity 91424K, committed 91736K, reserved 1128448K
  class space    used 11392K, capacity 12077K, committed 12160K, reserved 1048576K
Event: 1669,584 GC heap after
Heap after GC invocations=29 (full 5):
 PSYoungGen      total 298496K, used 48592K [0x00000000e0000000, 0x00000000f6c80000, 0x0000000100000000)
  eden space 243200K, 0% used [0x00000000e0000000,0x00000000e0000000,0x00000000eed80000)
  from space 55296K, 87% used [0x00000000f2a80000,0x00000000f59f4088,0x00000000f6080000)
  to   space 62464K, 0% used [0x00000000eed80000,0x00000000eed80000,0x00000000f2a80000)
 ParOldGen       total 288768K, used 165502K [0x00000000a0000000, 0x00000000b1a00000, 0x00000000e0000000)
  object space 288768K, 57% used [0x00000000a0000000,0x00000000aa19f8a8,0x00000000b1a00000)
 Metaspace       used 88033K, capacity 91424K, committed 91736K, reserved 1128448K
  class space    used 11392K, capacity 12077K, committed 12160K, reserved 1048576K
}
Event: 1675,032 GC heap before
{Heap before GC invocations=30 (full 5):
 PSYoungGen      total 298496K, used 291792K [0x00000000e0000000, 0x00000000f6c80000, 0x0000000100000000)
  eden space 243200K, 100% used [0x00000000e0000000,0x00000000eed80000,0x00000000eed80000)
  from space 55296K, 87% used [0x00000000f2a80000,0x00000000f59f4088,0x00000000f6080000)
  to   space 62464K, 0% used [0x00000000eed80000,0x00000000eed80000,0x00000000f2a80000)
 ParOldGen       total 288768K, used 165502K [0x00000000a0000000, 0x00000000b1a00000, 0x00000000e0000000)
  object space 288768K, 57% used [0x00000000a0000000,0x00000000aa19f8a8,0x00000000b1a00000)
 Metaspace       used 88057K, capacity 91424K, committed 91736K, reserved 1128448K
  class space    used 11392K, capacity 12077K, committed 12160K, reserved 1048576K

